\BOOKMARK [1][-]{section.1}{\376\377\137\025\212\000}{}% 1
\BOOKMARK [2][-]{subsection.1.1}{\376\377\133\236\232\214\166\356\166\204}{section.1}% 2
\BOOKMARK [2][-]{subsection.1.2}{\376\377\126\375\121\205\131\026\170\024\172\166\163\260\162\266}{section.1}% 3
\BOOKMARK [1][-]{section.2}{\376\377\133\236\232\214\163\257\130\203\116\313\176\315}{}% 4
\BOOKMARK [2][-]{subsection.2.1}{\376\377\000L\000a\000T\000e\000X}{section.2}% 5
\BOOKMARK [2][-]{subsection.2.2}{\376\377\147\054\127\060\177\026\213\321\163\257\130\203}{section.2}% 6
\BOOKMARK [1][-]{section.3}{\376\377\151\202\211\201\213\276\213\241\000\040\000-\000\040\123\125\124\150\147\037}{}% 7
\BOOKMARK [2][-]{subsection.3.1}{\376\377\126\376\162\107\171\072\117\213}{section.3}% 8
\BOOKMARK [2][-]{subsection.3.2}{\376\377\210\150\150\074\171\072\117\213}{section.3}% 9
\BOOKMARK [3][-]{subsubsection.3.2.1}{\376\377\122\237\200\375\143\317\217\360}{subsection.3.2}% 10
\BOOKMARK [3][-]{subsubsection.3.2.2}{\376\377\152\041\127\127\143\245\123\343}{subsection.3.2}% 11
\BOOKMARK [2][-]{subsection.3.3}{\376\377\000R\000F\377\010\133\304\133\130\126\150\145\207\116\366\377\011}{section.3}% 12
\BOOKMARK [3][-]{subsubsection.3.3.1}{\376\377\122\237\200\375\143\317\217\360}{subsection.3.3}% 13
\BOOKMARK [3][-]{subsubsection.3.3.2}{\376\377\152\041\127\127\143\245\123\343}{subsection.3.3}% 14
\BOOKMARK [1][-]{section.4}{\376\377\213\346\176\306\213\276\213\241\000\040\000-\000\040\123\125\124\150\147\037}{}% 15
\BOOKMARK [2][-]{subsection.4.1}{\376\377\123\302\200\003\145\207\163\056\137\025\165\050\171\072\117\213}{section.4}% 16
\BOOKMARK [2][-]{subsection.4.2}{\376\377\116\343\170\001\153\265\143\322\121\145\171\072\117\213}{section.4}% 17
\BOOKMARK [2][-]{subsection.4.3}{\376\377\000P\000C\377\010\172\013\136\217\213\241\145\160\126\150\377\011}{section.4}% 18
\BOOKMARK [1][-]{section.5}{\376\377\151\202\211\201\213\276\213\241\000\040\000-\000\040\155\101\154\064\176\277}{}% 19
\BOOKMARK [1][-]{section.6}{\376\377\213\346\176\306\213\276\213\241\000\040\000-\000\040\155\101\154\064\176\277}{}% 20
\BOOKMARK [1][-]{section.7}{\376\377\155\113\213\325\123\312\176\323\147\234\122\006\147\220}{}% 21
\BOOKMARK [2][-]{subsection.7.1}{\376\377\122\006\150\017\171\072\117\213\377\010\153\144\131\004\116\072\116\343\170\001\122\006\150\017\377\011}{section.7}% 22
\BOOKMARK [2][-]{subsection.7.2}{\376\377\116\377\167\037\155\113\213\325\176\323\147\234}{section.7}% 23
\BOOKMARK [3][-]{subsubsection.7.2.1}{\376\377\137\025\165\050\126\376\162\107\150\007\123\367\171\072\117\213}{subsection.7.2}% 24
\BOOKMARK [1][-]{section.8}{\376\377\133\236\232\214\140\073\176\323}{}% 25
\BOOKMARK [2][-]{subsection.8.1}{\376\377\133\236\232\214\140\073\176\323}{section.8}% 26
\BOOKMARK [2][-]{subsection.8.2}{\376\377\123\326\137\227\166\204\145\066\203\267}{section.8}% 27
